0 info it worked if it ends with ok
1 verbose cli [ '/usr/local/bin/node',
1 verbose cli   '/usr/local/bin/npm',
1 verbose cli   'i',
1 verbose cli   '-g',
1 verbose cli   'reload' ]
2 info using npm@2.15.8
3 info using node@v4.4.7
4 verbose install initial load of /usr/local/lib/package.json
5 verbose readDependencies loading dependencies from /usr/local/lib/package.json
6 silly cache add args [ 'reload', null ]
7 verbose cache add spec reload
8 silly cache add parsed spec Result {
8 silly cache add   raw: 'reload',
8 silly cache add   scope: null,
8 silly cache add   name: 'reload',
8 silly cache add   rawSpec: '',
8 silly cache add   spec: 'latest',
8 silly cache add   type: 'tag' }
9 silly addNamed reload@latest
10 verbose addNamed "latest" is being treated as a dist-tag for reload
11 info addNameTag [ 'reload', 'latest' ]
12 silly mapToRegistry name reload
13 silly mapToRegistry using default registry
14 silly mapToRegistry registry https://registry.npmjs.org/
15 silly mapToRegistry data Result {
15 silly mapToRegistry   raw: 'reload',
15 silly mapToRegistry   scope: null,
15 silly mapToRegistry   name: 'reload',
15 silly mapToRegistry   rawSpec: '',
15 silly mapToRegistry   spec: 'latest',
15 silly mapToRegistry   type: 'tag' }
16 silly mapToRegistry uri https://registry.npmjs.org/reload
17 verbose addNameTag registry:https://registry.npmjs.org/reload not in flight; fetching
18 verbose request uri https://registry.npmjs.org/reload
19 verbose request no auth needed
20 info attempt registry request try #1 at 11:08:56 AM
21 verbose request id f19c7b08233765fa
22 http request GET https://registry.npmjs.org/reload
23 http 200 https://registry.npmjs.org/reload
24 verbose headers { server: 'CouchDB/1.5.0 (Erlang OTP/R16B03)',
24 verbose headers   etag: '"39PQAQS1MZLL13Y2XH8D99UTW"',
24 verbose headers   'content-type': 'application/json',
24 verbose headers   'content-encoding': 'gzip',
24 verbose headers   'cache-control': 'max-age=300',
24 verbose headers   'content-length': '5564',
24 verbose headers   'accept-ranges': 'bytes',
24 verbose headers   date: 'Fri, 15 Jul 2016 15:08:56 GMT',
24 verbose headers   via: '1.1 varnish',
24 verbose headers   age: '3',
24 verbose headers   connection: 'keep-alive',
24 verbose headers   'x-served-by': 'cache-iad2631-IAD',
24 verbose headers   'x-cache': 'HIT',
24 verbose headers   'x-cache-hits': '1',
24 verbose headers   'x-timer': 'S1468595336.314457,VS0,VE0',
24 verbose headers   vary: 'Accept-Encoding' }
25 silly get cb [ 200,
25 silly get   { server: 'CouchDB/1.5.0 (Erlang OTP/R16B03)',
25 silly get     etag: '"39PQAQS1MZLL13Y2XH8D99UTW"',
25 silly get     'content-type': 'application/json',
25 silly get     'content-encoding': 'gzip',
25 silly get     'cache-control': 'max-age=300',
25 silly get     'content-length': '5564',
25 silly get     'accept-ranges': 'bytes',
25 silly get     date: 'Fri, 15 Jul 2016 15:08:56 GMT',
25 silly get     via: '1.1 varnish',
25 silly get     age: '3',
25 silly get     connection: 'keep-alive',
25 silly get     'x-served-by': 'cache-iad2631-IAD',
25 silly get     'x-cache': 'HIT',
25 silly get     'x-cache-hits': '1',
25 silly get     'x-timer': 'S1468595336.314457,VS0,VE0',
25 silly get     vary: 'Accept-Encoding' } ]
26 verbose get saving reload to /Users/AnabetsyRivero/.npm/registry.npmjs.org/reload/.cache.json
27 verbose correctMkdir /Users/AnabetsyRivero/.npm correctMkdir not in flight; initializing
28 silly addNameTag next cb for reload with tag latest
29 silly addNamed reload@1.0.0
30 verbose addNamed "1.0.0" is a plain semver version for reload
31 silly mapToRegistry name reload
32 silly mapToRegistry using default registry
33 silly mapToRegistry registry https://registry.npmjs.org/
34 silly mapToRegistry data Result {
34 silly mapToRegistry   raw: 'reload',
34 silly mapToRegistry   scope: null,
34 silly mapToRegistry   name: 'reload',
34 silly mapToRegistry   rawSpec: '',
34 silly mapToRegistry   spec: 'latest',
34 silly mapToRegistry   type: 'tag' }
35 silly mapToRegistry uri https://registry.npmjs.org/reload
36 verbose addRemoteTarball https://registry.npmjs.org/reload/-/reload-1.0.0.tgz not in flight; adding
37 verbose addRemoteTarball [ 'https://registry.npmjs.org/reload/-/reload-1.0.0.tgz',
37 verbose addRemoteTarball   '6c96eadaa91c8974f0f04819bc0a654362fd2f23' ]
38 info retry fetch attempt 1 at 11:08:56 AM
39 info attempt registry request try #1 at 11:08:56 AM
40 http fetch GET https://registry.npmjs.org/reload/-/reload-1.0.0.tgz
41 http fetch 200 https://registry.npmjs.org/reload/-/reload-1.0.0.tgz
42 silly fetchAndShaCheck shasum 6c96eadaa91c8974f0f04819bc0a654362fd2f23
43 verbose addTmpTarball /var/folders/3x/6cjvr0sn0sj59g18nmyy3yz80000gn/T/npm-45025-09874046/registry.npmjs.org/reload/-/reload-1.0.0.tgz not in flight; adding
44 verbose addTmpTarball already have metadata; skipping unpack for reload@1.0.0
45 verbose correctMkdir /Users/AnabetsyRivero/.npm correctMkdir not in flight; initializing
46 silly cache afterAdd reload@1.0.0
47 verbose afterAdd /Users/AnabetsyRivero/.npm/reload/1.0.0/package/package.json not in flight; writing
48 verbose correctMkdir /Users/AnabetsyRivero/.npm correctMkdir not in flight; initializing
49 verbose afterAdd /Users/AnabetsyRivero/.npm/reload/1.0.0/package/package.json written
50 silly install resolved [ { name: 'reload',
50 silly install resolved     version: '1.0.0',
50 silly install resolved     description: 'Node.js module to refresh and reload your code in your browser when your code changes. No browser plugins required.',
50 silly install resolved     repository:
50 silly install resolved      { type: 'git',
50 silly install resolved        url: 'git+ssh://git@github.com/jprichardson/reload.git' },
50 silly install resolved     keywords: [ 'reload', 'refresh', 'http', 'express', 'development' ],
50 silly install resolved     author: { name: 'JP Richardson', email: 'jprichardson@gmail.com' },
50 silly install resolved     contributors: [ [Object] ],
50 silly install resolved     license: 'MIT',
50 silly install resolved     dependencies:
50 silly install resolved      { supervisor: '~0.11.0',
50 silly install resolved        commander: '~2.9.0',
50 silly install resolved        express: '~4.14.0',
50 silly install resolved        'cli-color': '~1.1.0',
50 silly install resolved        open: '~0.0.5',
50 silly install resolved        death: '~1.0.0',
50 silly install resolved        ws: '~1.1.1',
50 silly install resolved        minimist: '~1.2.0' },
50 silly install resolved     devDependencies: { standard: '^7.1.2' },
50 silly install resolved     main: './lib/reload.js',
50 silly install resolved     scripts: { standard: 'standard', test: 'npm run standard' },
50 silly install resolved     bin: { reload: './bin/reload' },
50 silly install resolved     gitHead: '44efb52a6b39b3391f584493d4f21fa40b7a6c07',
50 silly install resolved     bugs: { url: 'https://github.com/jprichardson/reload/issues' },
50 silly install resolved     homepage: 'https://github.com/jprichardson/reload#readme',
50 silly install resolved     _id: 'reload@1.0.0',
50 silly install resolved     _shasum: '6c96eadaa91c8974f0f04819bc0a654362fd2f23',
50 silly install resolved     _from: 'reload@latest',
50 silly install resolved     _npmVersion: '3.9.3',
50 silly install resolved     _nodeVersion: '6.2.1',
50 silly install resolved     _npmUser: { name: 'alallier', email: 'alexanderlallier@aol.com' },
50 silly install resolved     dist:
50 silly install resolved      { shasum: '6c96eadaa91c8974f0f04819bc0a654362fd2f23',
50 silly install resolved        tarball: 'https://registry.npmjs.org/reload/-/reload-1.0.0.tgz' },
50 silly install resolved     maintainers: [ [Object], [Object], [Object] ],
50 silly install resolved     _npmOperationalInternal:
50 silly install resolved      { host: 'packages-12-west.internal.npmjs.com',
50 silly install resolved        tmp: 'tmp/reload-1.0.0.tgz_1466776962279_0.2276089508086443' },
50 silly install resolved     directories: {},
50 silly install resolved     _resolved: 'https://registry.npmjs.org/reload/-/reload-1.0.0.tgz' } ]
51 info install reload@1.0.0 into /usr/local/lib
52 info installOne reload@1.0.0
53 verbose installOne of reload to /usr/local/lib not in flight; installing
54 verbose correctMkdir /Users/AnabetsyRivero/.npm/_locks correctMkdir not in flight; initializing
55 verbose lock using /Users/AnabetsyRivero/.npm/_locks/reload-e748a741aacfca2a.lock for /usr/local/lib/node_modules/reload
56 silly install write writing reload 1.0.0 to /usr/local/lib/node_modules/reload
57 verbose unbuild lib/node_modules/reload
58 silly gentlyRm /usr/local/lib/node_modules/reload is being purged from base /usr/local
59 verbose gentlyRm don't care about contents; nuking /usr/local/lib/node_modules/reload
60 verbose tar unpack /Users/AnabetsyRivero/.npm/reload/1.0.0/package.tgz
61 verbose tar unpacking to /usr/local/lib/node_modules/reload
62 silly gentlyRm /usr/local/lib/node_modules/reload is being purged
63 verbose gentlyRm don't care about contents; nuking /usr/local/lib/node_modules/reload
64 silly gunzTarPerm modes [ '755', '644' ]
65 error tar.unpack untar error /Users/AnabetsyRivero/.npm/reload/1.0.0/package.tgz
66 verbose unlock done using /Users/AnabetsyRivero/.npm/_locks/reload-e748a741aacfca2a.lock for /usr/local/lib/node_modules/reload
67 verbose fstream_path /usr/local/lib/node_modules/reload
68 verbose fstream_type Directory
69 verbose fstream_class DirWriter
70 verbose stack Error: EACCES: permission denied, mkdir '/usr/local/lib/node_modules/reload'
70 verbose stack     at Error (native)
71 verbose fstream_stack /usr/local/lib/node_modules/npm/node_modules/fstream/lib/dir-writer.js:35:25
71 verbose fstream_stack /usr/local/lib/node_modules/npm/node_modules/mkdirp/index.js:47:53
71 verbose fstream_stack FSReqWrap.oncomplete (fs.js:82:15)
72 verbose cwd /Users/AnabetsyRivero/Desktop/empty
73 error Darwin 15.5.0
74 error argv "/usr/local/bin/node" "/usr/local/bin/npm" "i" "-g" "reload"
75 error node v4.4.7
76 error npm  v2.15.8
77 error path /usr/local/lib/node_modules/reload
78 error code EACCES
79 error errno -13
80 error syscall mkdir
81 error Error: EACCES: permission denied, mkdir '/usr/local/lib/node_modules/reload'
81 error     at Error (native)
81 error  { [Error: EACCES: permission denied, mkdir '/usr/local/lib/node_modules/reload']
81 error   errno: -13,
81 error   code: 'EACCES',
81 error   syscall: 'mkdir',
81 error   path: '/usr/local/lib/node_modules/reload',
81 error   fstream_type: 'Directory',
81 error   fstream_path: '/usr/local/lib/node_modules/reload',
81 error   fstream_class: 'DirWriter',
81 error   fstream_stack:
81 error    [ '/usr/local/lib/node_modules/npm/node_modules/fstream/lib/dir-writer.js:35:25',
81 error      '/usr/local/lib/node_modules/npm/node_modules/mkdirp/index.js:47:53',
81 error      'FSReqWrap.oncomplete (fs.js:82:15)' ] }
82 error Please try running this command again as root/Administrator.
83 verbose exit [ -13, true ]
84 verbose unbuild lib/node_modules/reload
85 silly gentlyRm /usr/local/lib/node_modules/reload is being purged from base /usr/local
86 verbose gentlyRm don't care about contents; nuking /usr/local/lib/node_modules/reload
